Detecting C compiler ABI info failed to compile with the following output:
Change Dir: C:/Espressif/frameworks/esp-idf-v4.4.2/esp/AT24CX/examples/rpi_pico_implementation/build/elf2uf2/CMakeFiles/CMakeTmp

Run Build Command(s):C:/VSARM/mingw/mingw32/bin/mingw32-make.exe -f Makefile cmTC_312ce/fast && mingw32-make.exe[3]: Entering directory 'C:/Espressif/frameworks/esp-idf-v4.4.2/esp/AT24CX/examples/rpi_pico_implementation/build/elf2uf2/CMakeFiles/CMakeTmp'
C:/VSARM/mingw/mingw32/bin/mingw32-make.exe  -f CMakeFiles\cmTC_312ce.dir\build.make CMakeFiles/cmTC_312ce.dir/build
mingw32-make.exe[4]: Entering directory 'C:/Espressif/frameworks/esp-idf-v4.4.2/esp/AT24CX/examples/rpi_pico_implementation/build/elf2uf2/CMakeFiles/CMakeTmp'
Building C object CMakeFiles/cmTC_312ce.dir/CMakeCCompilerABI.c.obj
C:\cygwin64\bin\gcc.exe   -v -o CMakeFiles\cmTC_312ce.dir\CMakeCCompilerABI.c.obj -c "C:\Program Files\CMake\share\cmake-3.23\Modules\CMakeCCompilerABI.c"
Using built-in specs.
COLLECT_GCC=/usr/bin/gcc
Target: x86_64-pc-cygwin
Configured with: /mnt/share/cygpkgs/gcc/gcc.x86_64/src/gcc-10.2.0/configure --srcdir=/mnt/share/cygpkgs/gcc/gcc.x86_64/src/gcc-10.2.0 --prefix=/usr --exec-prefix=/usr --localstatedir=/var --sysconfdir=/etc --docdir=/usr/share/doc/gcc --htmldir=/usr/share/doc/gcc/html -C --build=x86_64-pc-cygwin --host=x86_64-pc-cygwin --target=x86_64-pc-cygwin --without-libiconv-prefix --without-libintl-prefix --libexecdir=/usr/lib --with-gcc-major-version-only --enable-shared --enable-shared-libgcc --enable-static --enable-version-specific-runtime-libs --enable-bootstrap --enable-__cxa_atexit --with-dwarf2 --with-tune=generic --enable-languages=c,c++,fortran,lto,objc,obj-c++ --enable-graphite --enable-threads=posix --enable-libatomic --enable-libgomp --enable-libquadmath --enable-libquadmath-support --disable-libssp --enable-libada --disable-symvers --with-gnu-ld --with-gnu-as --with-cloog-include=/usr/include/cloog-isl --without-libiconv-prefix --without-libintl-prefix --with-system-zlib --enable-linker-build-id --with-default-libstdcxx-abi=gcc4-compatible --enable-libstdcxx-filesystem-ts
Thread model: posix
Supported LTO compression algorithms: zlib zstd
gcc version 10.2.0 (GCC) 
COLLECT_GCC_OPTIONS='-v' '-o' 'CMakeFiles\cmTC_312ce.dir\CMakeCCompilerABI.c.obj' '-c' '-mtune=generic' '-march=x86-64'
 /usr/lib/gcc/x86_64-pc-cygwin/10/cc1.exe -quiet -v -idirafter /usr/lib/gcc/x86_64-pc-cygwin/10/../../../../lib/../include/w32api -idirafter /usr/lib/gcc/x86_64-pc-cygwin/10/../../../../x86_64-pc-cygwin/lib/../lib/../../include/w32api C:\Program Files\CMake\share\cmake-3.23\Modules\CMakeCCompilerABI.c -quiet -dumpbase C:\Program Files\CMake\share\cmake-3.23\Modules\CMakeCCompilerABI.c -mtune=generic -march=x86-64 -auxbase-strip CMakeFiles\cmTC_312ce.dir\CMakeCCompilerABI.c.obj -version -o /cygdrive/c/Users/MARKGE~1/AppData/Local/Temp/ccN6nsMq.s
GNU C17 (GCC) version 10.2.0 (x86_64-pc-cygwin)
	compiled by GNU C version 10.2.0, GMP version 6.2.0, MPFR version 4.1.0, MPC version 1.1.0, isl version isl-0.22.1-GMP

warning: GMP header version 6.2.0 differs from library version 6.2.1.
warning: MPC header version 1.1.0 differs from library version 1.2.1.
GGC heuristics: --param ggc-min-expand=100 --param ggc-min-heapsize=131072
ignoring nonexistent directory "/usr/local/include"
ignoring nonexistent directory "/usr/lib/gcc/x86_64-pc-cygwin/10/include-fixed"
ignoring nonexistent directory "/usr/lib/gcc/x86_64-pc-cygwin/10/../../../../x86_64-pc-cygwin/include"
ignoring duplicate directory "/usr/lib/gcc/x86_64-pc-cygwin/10/../../../../x86_64-pc-cygwin/lib/../lib/../../include/w32api"
#include "..." search starts here:
#include <...> search starts here:
 /usr/lib/gcc/x86_64-pc-cygwin/10/include
 /usr/include
 /usr/lib/gcc/x86_64-pc-cygwin/10/../../../../lib/../include/w32api
End of search list.
GNU C17 (GCC) version 10.2.0 (x86_64-pc-cygwin)
	compiled by GNU C version 10.2.0, GMP version 6.2.0, MPFR version 4.1.0, MPC version 1.1.0, isl version isl-0.22.1-GMP

warning: GMP header version 6.2.0 differs from library version 6.2.1.
warning: MPC header version 1.1.0 differs from library version 1.2.1.
GGC heuristics: --param ggc-min-expand=100 --param ggc-min-heapsize=131072
Compiler executable checksum: 734d9bd8d3f826660b4544bd016c5bfa
C:\Program Files\CMake\share\cmake-3.23\Modules\CMakeCCompilerABI.c:9:10: fatal error: CMakeCompilerABI.h: No such file or directory
    9 | #include "CMakeCompilerABI.h"
      |          ^~~~~~~~~~~~~~~~~~~~
compilation terminated.
mingw32-make.exe[4]: *** [CMakeFiles\cmTC_312ce.dir\build.make:77: CMakeFiles/cmTC_312ce.dir/CMakeCCompilerABI.c.obj] Error 1
mingw32-make.exe[4]: Leaving directory 'C:/Espressif/frameworks/esp-idf-v4.4.2/esp/AT24CX/examples/rpi_pico_implementation/build/elf2uf2/CMakeFiles/CMakeTmp'
mingw32-make.exe[3]: *** [Makefile:126: cmTC_312ce/fast] Error 2
mingw32-make.exe[3]: Leaving directory 'C:/Espressif/frameworks/esp-idf-v4.4.2/esp/AT24CX/examples/rpi_pico_implementation/build/elf2uf2/CMakeFiles/CMakeTmp'




